#
# There is insufficient memory for the Java Runtime Environment to continue.
# Native memory allocation (malloc) failed to allocate 960416 bytes for Chunk::new
# Possible reasons:
#   The system is out of physical RAM or swap space
#   The process is running with CompressedOops enabled, and the Java Heap may be blocking the growth of the native heap
# Possible solutions:
#   Reduce memory load on the system
#   Increase physical memory or swap space
#   Check if swap backing store is full
#   Decrease Java heap size (-Xmx/-Xms)
#   Decrease number of Java threads
#   Decrease Java thread stack sizes (-Xss)
#   Set larger code cache with -XX:ReservedCodeCacheSize=
#   JVM is running with Unscaled Compressed Oops mode in which the Java heap is
#     placed in the first 4GB address space. The Java Heap base address is the
#     maximum limit for the native heap growth. Please use -XX:HeapBaseMinAddress
#     to set the Java Heap base and to place the Java Heap above 4GB virtual address.
# This output file may be truncated or incomplete.
#
#  Out of Memory Error (allocation.cpp:389), pid=11272, tid=0x0000000000000264
#
# JRE version: OpenJDK Runtime Environment (8.0_242-b01) (build 1.8.0_242-release-1644-b01)
# Java VM: OpenJDK 64-Bit Server VM (25.242-b01 mixed mode windows-amd64 compressed oops)
# Failed to write core dump. Minidumps are not enabled by default on client versions of Windows
#

---------------  T H R E A D  ---------------

Current thread (0x0000000017750000):  JavaThread "C2 CompilerThread1" daemon [_thread_in_native, id=612, stack(0x00000000194c0000,0x00000000195c0000)]

Stack: [0x00000000194c0000,0x00000000195c0000]
[error occurred during error reporting (printing stack bounds), id 0xc0000005]

Native frames: (J=compiled Java code, j=interpreted, Vv=VM code, C=native code)


Current CompileTask:
C2: 149566 16184       4       com.sun.tools.javac.jvm.ClassReader::includeClassFile (294 bytes)


---------------  P R O C E S S  ---------------

Java Threads: ( => current thread )
  0x000000001fa37000 JavaThread "WorkerExecutor Queue Thread 5" [_thread_blocked, id=6860, stack(0x000000002c0f0000,0x000000002c1f0000)]
  0x000000001fa3d800 JavaThread "WorkerExecutor Queue Thread 4" [_thread_blocked, id=13620, stack(0x000000002bff0000,0x000000002c0f0000)]
  0x000000001fa3c000 JavaThread "WorkerExecutor Queue Thread 3" [_thread_blocked, id=1964, stack(0x000000002bef0000,0x000000002bff0000)]
  0x000000001fa3d000 JavaThread "WorkerExecutor Queue Thread 2" [_thread_blocked, id=10096, stack(0x000000002bdf0000,0x000000002bef0000)]
  0x000000001fa34800 JavaThread "ForkJoinPool.commonPool-worker-5" daemon [_thread_blocked, id=13196, stack(0x000000002b9f0000,0x000000002baf0000)]
  0x000000001fa3b800 JavaThread "ForkJoinPool.commonPool-worker-4" daemon [_thread_blocked, id=8456, stack(0x000000002b8f0000,0x000000002b9f0000)]
  0x000000001fa36000 JavaThread "ForkJoinPool.commonPool-worker-3" daemon [_thread_blocked, id=13748, stack(0x000000002b7f0000,0x000000002b8f0000)]
  0x000000001fa39000 JavaThread "ForkJoinPool.commonPool-worker-2" daemon [_thread_blocked, id=13680, stack(0x000000002b6f0000,0x000000002b7f0000)]
  0x000000001fa35800 JavaThread "ForkJoinPool.commonPool-worker-1" daemon [_thread_blocked, id=1856, stack(0x000000002b5f0000,0x000000002b6f0000)]
  0x000000001fa38800 JavaThread "Cache worker for Java compile cache (C:\Users\Sohail\AndroidStudioProjects\TicketMasterProject\.gradle\6.1.1\javaCompile)" [_thread_blocked, id=7228, stack(0x000000002b2f0000,0x000000002b3f0000)]
  0x000000001fa3a000 JavaThread "Cache worker for Java compile cache (C:\Users\Sohail\.gradle\caches\6.1.1\javaCompile)" [_thread_blocked, id=6724, stack(0x000000002b1f0000,0x000000002b2f0000)]
  0x000000001fa3a800 JavaThread "RMI TCP Connection(2)-127.0.0.1" daemon [_thread_in_native, id=10268, stack(0x000000002a6e0000,0x000000002a7e0000)]
  0x000000001fa37800 JavaThread "RMI RenewClean-[127.0.0.1:17020,org.jetbrains.kotlin.daemon.common.LoopbackNetworkInterface$ClientLoopbackSocketFactory@4a38c947]" daemon [_thread_blocked, id=11292, stack(0x00000000296e0000,0x00000000297e0000)]
  0x000000001f3f9800 JavaThread "WorkerExecutor Queue" [_thread_in_vm, id=3844, stack(0x0000000029de0000,0x0000000029ee0000)]
  0x0000000022398000 JavaThread "RMI TCP Connection(3)-127.0.0.1" daemon [_thread_in_native, id=13600, stack(0x0000000029ae0000,0x0000000029be0000)]
  0x0000000022399800 JavaThread "RMI Reaper" [_thread_blocked, id=5592, stack(0x00000000299e0000,0x0000000029ae0000)]
  0x000000002239a000 JavaThread "RMI TCP Accept-0" daemon [_thread_in_native, id=4980, stack(0x00000000298e0000,0x00000000299e0000)]
  0x0000000022397000 JavaThread "GC Daemon" daemon [_thread_blocked, id=3820, stack(0x00000000297e0000,0x00000000298e0000)]
  0x0000000022398800 JavaThread "RMI Scheduler(0)" daemon [_thread_blocked, id=1892, stack(0x00000000293f0000,0x00000000294f0000)]
  0x000000002239b000 JavaThread "Cache worker for execution history cache (C:\Users\Sohail\AndroidStudioProjects\TicketMasterProject\.gradle\6.1.1\executionHistory)" [_thread_blocked, id=13844, stack(0x00000000295e0000,0x00000000296e0000)]
  0x000000002238f000 JavaThread "Execution worker for ':' Thread 5" [_thread_blocked, id=14264, stack(0x0000000028ff0000,0x00000000290f0000)]
  0x0000000022393800 JavaThread "Execution worker for ':' Thread 4" [_thread_blocked, id=524, stack(0x0000000028ef0000,0x0000000028ff0000)]
  0x0000000022395000 JavaThread "Execution worker for ':' Thread 3" [_thread_blocked, id=2232, stack(0x0000000028df0000,0x0000000028ef0000)]
  0x0000000022394000 JavaThread "Execution worker for ':' Thread 2" [_thread_blocked, id=9280, stack(0x0000000028cf0000,0x0000000028df0000)]
  0x0000000022392800 JavaThread "Execution worker for ':'" [_thread_blocked, id=1016, stack(0x0000000028bf0000,0x0000000028cf0000)]
  0x000000002238c000 JavaThread "Cache worker for file content cache (C:\Users\Sohail\AndroidStudioProjects\TicketMasterProject\.gradle\6.1.1\fileContent)" [_thread_blocked, id=1696, stack(0x0000000028af0000,0x0000000028bf0000)]
  0x000000002238d800 JavaThread "Cache worker for file content cache (C:\Users\Sohail\.gradle\caches\6.1.1\fileContent)" [_thread_blocked, id=4092, stack(0x00000000289f0000,0x0000000028af0000)]
  0x0000000022392000 JavaThread "Cache worker for Build Output Cleanup Cache (C:\Users\Sohail\AndroidStudioProjects\TicketMasterProject\.gradle\buildOutputCleanup)" [_thread_blocked, id=13740, stack(0x00000000288f0000,0x00000000289f0000)]
  0x0000000022391000 JavaThread "Build operations Thread 6" [_thread_blocked, id=4576, stack(0x0000000024010000,0x0000000024110000)]
  0x0000000022390800 JavaThread "Build operations Thread 5" [_thread_blocked, id=3848, stack(0x0000000023f10000,0x0000000024010000)]
  0x000000002238f800 JavaThread "Build operations Thread 4" [_thread_blocked, id=7452, stack(0x0000000023e10000,0x0000000023f10000)]
  0x000000002238c800 JavaThread "Build operations Thread 3" [_thread_blocked, id=4960, stack(0x0000000023d10000,0x0000000023e10000)]
  0x000000002238e000 JavaThread "Build operations Thread 2" [_thread_blocked, id=2888, stack(0x0000000023c10000,0x0000000023d10000)]
  0x000000001f3ee000 JavaThread "Build operations" [_thread_blocked, id=6352, stack(0x0000000023b10000,0x0000000023c10000)]
  0x000000001f3eb800 JavaThread "Cache worker for cache directory md-rule (C:\Users\Sohail\.gradle\caches\6.1.1\md-rule)" [_thread_blocked, id=10548, stack(0x0000000023560000,0x0000000023660000)]
  0x000000001f3f2800 JavaThread "Cache worker for cache directory md-supplier (C:\Users\Sohail\.gradle\caches\6.1.1\md-supplier)" [_thread_blocked, id=11460, stack(0x0000000021510000,0x0000000021610000)]
  0x000000001f3f2000 JavaThread "Cache worker for file hash cache (C:\Users\Sohail\AndroidStudioProjects\TicketMasterProject\.gradle\6.1.1\fileHashes)" [_thread_blocked, id=5616, stack(0x0000000021410000,0x0000000021510000)]
  0x000000001f3ef800 JavaThread "Cache worker for checksums cache (C:\Users\Sohail\AndroidStudioProjects\TicketMasterProject\.gradle\checksums)" [_thread_blocked, id=5964, stack(0x000000001dce0000,0x000000001dde0000)]
  0x000000001f3f0000 JavaThread "Thread-32" [_thread_blocked, id=4504, stack(0x000000001dbe0000,0x000000001dce0000)]
  0x000000001f3ea000 JavaThread "Stdin handler" [_thread_blocked, id=8048, stack(0x000000001d5e0000,0x000000001d6e0000)]
  0x000000001baa2000 JavaThread "Asynchronous log dispatcher for DefaultDaemonConnection: socket connection from /127.0.0.1:50603 to /127.0.0.1:50769" [_thread_blocked, id=1700, stack(0x000000001d2e0000,0x000000001d3e0000)]
  0x000000001baa1000 JavaThread "Daemon worker Thread 2" [_thread_blocked, id=4484, stack(0x000000001d1e0000,0x000000001d2e0000)]
  0x000000001baa0800 JavaThread "Cancel handler" [_thread_blocked, id=6568, stack(0x000000001cde0000,0x000000001cee0000)]
  0x000000001ba9f000 JavaThread "Handler for socket connection from /127.0.0.1:50603 to /127.0.0.1:50769" [_thread_in_native, id=2436, stack(0x0000000000cd0000,0x0000000000dd0000)]
  0x000000001ba9e000 JavaThread "Daemon Thread 2" [_thread_blocked, id=5408, stack(0x0000000000bd0000,0x0000000000cd0000)]
  0x000000001f3f8800 JavaThread "Memory manager" [_thread_blocked, id=3476, stack(0x0000000025940000,0x0000000025a40000)]
  0x000000001ba9c000 JavaThread "Cache worker for execution history cache (C:\Users\Sohail\.gradle\caches\6.1.1\executionHistory)" [_thread_blocked, id=12080, stack(0x0000000021610000,0x0000000021710000)]
  0x000000001ba9f800 JavaThread "Cache worker for file hash cache (C:\Users\Sohail\.gradle\caches\6.1.1\fileHashes)" [_thread_blocked, id=4716, stack(0x000000001dae0000,0x000000001dbe0000)]
  0x000000001baa2800 JavaThread "File lock request listener" [_thread_in_native, id=11912, stack(0x000000001d9e0000,0x000000001dae0000)]
  0x000000001bcff800 JavaThread "Cache worker for journal cache (C:\Users\Sohail\.gradle\caches\journal-1)" [_thread_blocked, id=7440, stack(0x000000001d8e0000,0x000000001d9e0000)]
  0x000000001b9ac000 JavaThread "Daemon periodic checks" [_thread_blocked, id=4024, stack(0x000000001cce0000,0x000000001cde0000)]
  0x000000001b95e000 JavaThread "Incoming local TCP Connector on port 50603" [_thread_in_native, id=7328, stack(0x000000001caa0000,0x000000001cba0000)]
  0x000000001b900000 JavaThread "Daemon health stats" [_thread_blocked, id=12828, stack(0x000000001c460000,0x000000001c560000)]
  0x0000000019635000 JavaThread "Service Thread" daemon [_thread_blocked, id=2828, stack(0x0000000019ac0000,0x0000000019bc0000)]
  0x00000000195c0800 JavaThread "C1 CompilerThread2" daemon [_thread_blocked, id=4224, stack(0x00000000199c0000,0x0000000019ac0000)]
=>0x0000000017750000 JavaThread "C2 CompilerThread1" daemon [_thread_in_native, id=612, stack(0x00000000194c0000,0x00000000195c0000)]
  0x000000001774d800 JavaThread "C2 CompilerThread0" daemon [_thread_in_native, id=4536, stack(0x00000000193c0000,0x00000000194c0000)]
  0x0000000017746800 JavaThread "Attach Listener" daemon [_thread_blocked, id=7472, stack(0x00000000192c0000,0x00000000193c0000)]
  0x0000000017748000 JavaThread "Signal Dispatcher" daemon [_thread_blocked, id=11228, stack(0x00000000191c0000,0x00000000192c0000)]
  0x00000000028dc000 JavaThread "Finalizer" daemon [_thread_blocked, id=13724, stack(0x0000000018fc0000,0x00000000190c0000)]
  0x00000000028d5000 JavaThread "Reference Handler" daemon [_thread_blocked, id=11364, stack(0x0000000018ec0000,0x0000000018fc0000)]
  0x000000000276e800 JavaThread "main" [_thread_blocked, id=5628, stack(0x0000000002660000,0x0000000002760000)]

Other Threads:
  0x0000000017708000 VMThread [stack: 0x0000000018dc0000,0x0000000018ec0000] [id=3188]
  0x00000000195fd000 WatcherThread [stack: 0x0000000019bc0000,0x0000000019cc0000] [id=10544]

VM state:not at safepoint (normal execution)

VM Mutex/Monitor currently owned by a thread: None

heap address: 0x0000000080000000, size: 2048 MB, Compressed Oops mode: 32-bit
Narrow klass base: 0x0000000000000000, Narrow klass shift: 3
Compressed class space size: 1073741824 Address: 0x0000000100000000

Heap:
 PSYoungGen      total 472064K, used 281241K [0x00000000d5580000, 0x00000000fe700000, 0x0000000100000000)
  eden space 423424K, 54% used [0x00000000d5580000,0x00000000e38aafd0,0x00000000ef300000)
  from space 48640K, 99% used [0x00000000ef300000,0x00000000f227b578,0x00000000f2280000)
  to   space 80384K, 0% used [0x00000000f9880000,0x00000000f9880000,0x00000000fe700000)
 ParOldGen       total 348672K, used 151488K [0x0000000080000000, 0x0000000095480000, 0x00000000d5580000)
  object space 348672K, 43% used [0x0000000080000000,0x00000000893f00d8,0x0000000095480000)
 Metaspace       used 116982K, capacity 121948K, committed 122264K, reserved 1155072K
  class space    used 14998K, capacity 15958K, committed 16048K, reserved 1048576K

Card table byte_map: [0x0000000011ca0000,0x00000000120b0000] byte_map_base: 0x00000000118a0000

Marking Bits: (ParMarkBitMap*) 0x0000000076d5f030
 Begin Bits: [0x0000000012960000, 0x0000000014960000)
 End Bits:   [0x0000000014960000, 0x0000000016960000)

Polling page: 0x0000000000e90000

CodeCache: size=245760Kb used=45996Kb max_used=46417Kb free=199763Kb
 bounds [0x00000000028e0000, 0x0000000005700000, 0x00000000118e0000]
 total_blobs=14601 nmethods=13674 adapters=838
 compilation: enabled

Compilation events (10 events):
Event: 149.564 Thread 0x00000000195c0800 nmethod 16831 0x0000000002bb6350 code [0x0000000002bb64a0, 0x0000000002bb6630]
Event: 149.564 Thread 0x00000000195c0800 16832       3       com.android.tools.r8.graph.P::<init> (19 bytes)
Event: 149.564 Thread 0x00000000195c0800 nmethod 16832 0x0000000002bb5e90 code [0x0000000002bb6000, 0x0000000002bb6250]
Event: 149.564 Thread 0x00000000195c0800 16819       1       com.android.tools.r8.graph.u0$b::e (5 bytes)
Event: 149.564 Thread 0x00000000195c0800 nmethod 16819 0x0000000004689910 code [0x0000000004689a60, 0x0000000004689b50]
Event: 149.564 Thread 0x00000000195c0800 16829       1       com.android.tools.r8.graph.C::v (5 bytes)
Event: 149.564 Thread 0x00000000195c0800 nmethod 16829 0x00000000054eb4d0 code [0x00000000054eb620, 0x00000000054eb730]
Event: 149.564 Thread 0x00000000195c0800 16833       1       com.android.tools.r8.graph.u0$b::h (5 bytes)
Event: 149.564 Thread 0x00000000195c0800 nmethod 16833 0x0000000002bb5bd0 code [0x0000000002bb5d20, 0x0000000002bb5e10]
Event: 149.565 Thread 0x00000000195c0800 16835       3       java.lang.invoke.LambdaFormEditor::getInCache (189 bytes)

GC Heap History (10 events):
Event: 10.370 GC heap before
{Heap before GC invocations=13 (full 3):
 PSYoungGen      total 351744K, used 351712K [0x00000000d5580000, 0x00000000f1100000, 0x0000000100000000)
  eden space 324096K, 100% used [0x00000000d5580000,0x00000000e9200000,0x00000000e9200000)
  from space 27648K, 99% used [0x00000000e9200000,0x00000000eacf8140,0x00000000ead00000)
  to   space 33280K, 0% used [0x00000000ef080000,0x00000000ef080000,0x00000000f1100000)
 ParOldGen       total 215552K, used 43948K [0x0000000080000000, 0x000000008d280000, 0x00000000d5580000)
  object space 215552K, 20% used [0x0000000080000000,0x0000000082aeb3b8,0x000000008d280000)
 Metaspace       used 81346K, capacity 84986K, committed 85144K, reserved 1122304K
  class space    used 10927K, capacity 11606K, committed 11696K, reserved 1048576K
Event: 10.394 GC heap after
Heap after GC invocations=13 (full 3):
 PSYoungGen      total 411136K, used 33264K [0x00000000d5580000, 0x00000000f1f80000, 0x0000000100000000)
  eden space 377856K, 0% used [0x00000000d5580000,0x00000000d5580000,0x00000000ec680000)
  from space 33280K, 99% used [0x00000000ef080000,0x00000000f10fc318,0x00000000f1100000)
  to   space 43008K, 0% used [0x00000000ec680000,0x00000000ec680000,0x00000000ef080000)
 ParOldGen       total 215552K, used 57585K [0x0000000080000000, 0x000000008d280000, 0x00000000d5580000)
  object space 215552K, 26% used [0x0000000080000000,0x000000008383c618,0x000000008d280000)
 Metaspace       used 81346K, capacity 84986K, committed 85144K, reserved 1122304K
  class space    used 10927K, capacity 11606K, committed 11696K, reserved 1048576K
}
Event: 114.981 GC heap before
{Heap before GC invocations=14 (full 3):
 PSYoungGen      total 411136K, used 411120K [0x00000000d5580000, 0x00000000f1f80000, 0x0000000100000000)
  eden space 377856K, 100% used [0x00000000d5580000,0x00000000ec680000,0x00000000ec680000)
  from space 33280K, 99% used [0x00000000ef080000,0x00000000f10fc318,0x00000000f1100000)
  to   space 43008K, 0% used [0x00000000ec680000,0x00000000ec680000,0x00000000ef080000)
 ParOldGen       total 215552K, used 57585K [0x0000000080000000, 0x000000008d280000, 0x00000000d5580000)
  object space 215552K, 26% used [0x0000000080000000,0x000000008383c618,0x000000008d280000)
 Metaspace       used 88138K, capacity 92478K, committed 92568K, reserved 1130496K
  class space    used 11592K, capacity 12453K, committed 12464K, reserved 1048576K
Event: 115.021 GC heap after
Heap after GC invocations=14 (full 3):
 PSYoungGen      total 420864K, used 29918K [0x00000000d5580000, 0x00000000f5580000, 0x0000000100000000)
  eden space 377856K, 0% used [0x00000000d5580000,0x00000000d5580000,0x00000000ec680000)
  from space 43008K, 69% used [0x00000000ec680000,0x00000000ee3b7a98,0x00000000ef080000)
  to   space 45056K, 0% used [0x00000000f2980000,0x00000000f2980000,0x00000000f5580000)
 ParOldGen       total 215552K, used 85887K [0x0000000080000000, 0x000000008d280000, 0x00000000d5580000)
  object space 215552K, 39% used [0x0000000080000000,0x00000000853dff90,0x000000008d280000)
 Metaspace       used 88138K, capacity 92478K, committed 92568K, reserved 1130496K
  class space    used 11592K, capacity 12453K, committed 12464K, reserved 1048576K
}
Event: 137.246 GC heap before
{Heap before GC invocations=15 (full 3):
 PSYoungGen      total 420864K, used 306510K [0x00000000d5580000, 0x00000000f5580000, 0x0000000100000000)
  eden space 377856K, 73% used [0x00000000d5580000,0x00000000e639bda0,0x00000000ec680000)
  from space 43008K, 69% used [0x00000000ec680000,0x00000000ee3b7a98,0x00000000ef080000)
  to   space 45056K, 0% used [0x00000000f2980000,0x00000000f2980000,0x00000000f5580000)
 ParOldGen       total 215552K, used 85887K [0x0000000080000000, 0x000000008d280000, 0x00000000d5580000)
  object space 215552K, 39% used [0x0000000080000000,0x00000000853dff90,0x000000008d280000)
 Metaspace       used 93821K, capacity 98492K, committed 98600K, reserved 1134592K
  class space    used 12329K, capacity 13208K, committed 13232K, reserved 1048576K
Event: 137.263 GC heap after
Heap after GC invocations=15 (full 3):
 PSYoungGen      total 464896K, used 36092K [0x00000000d5580000, 0x00000000f5200000, 0x0000000100000000)
  eden space 423424K, 0% used [0x00000000d5580000,0x00000000d5580000,0x00000000ef300000)
  from space 41472K, 87% used [0x00000000f2980000,0x00000000f4cbf378,0x00000000f5200000)
  to   space 48640K, 0% used [0x00000000ef300000,0x00000000ef300000,0x00000000f2280000)
 ParOldGen       total 215552K, used 85895K [0x0000000080000000, 0x000000008d280000, 0x00000000d5580000)
  object space 215552K, 39% used [0x0000000080000000,0x00000000853e1f90,0x000000008d280000)
 Metaspace       used 93821K, capacity 98492K, committed 98600K, reserved 1134592K
  class space    used 12329K, capacity 13208K, committed 13232K, reserved 1048576K
}
Event: 137.263 GC heap before
{Heap before GC invocations=16 (full 4):
 PSYoungGen      total 464896K, used 36092K [0x00000000d5580000, 0x00000000f5200000, 0x0000000100000000)
  eden space 423424K, 0% used [0x00000000d5580000,0x00000000d5580000,0x00000000ef300000)
  from space 41472K, 87% used [0x00000000f2980000,0x00000000f4cbf378,0x00000000f5200000)
  to   space 48640K, 0% used [0x00000000ef300000,0x00000000ef300000,0x00000000f2280000)
 ParOldGen       total 215552K, used 85895K [0x0000000080000000, 0x000000008d280000, 0x00000000d5580000)
  object space 215552K, 39% used [0x0000000080000000,0x00000000853e1f90,0x000000008d280000)
 Metaspace       used 93821K, capacity 98492K, committed 98600K, reserved 1134592K
  class space    used 12329K, capacity 13208K, committed 13232K, reserved 1048576K
Event: 137.417 GC heap after
Heap after GC invocations=16 (full 4):
 PSYoungGen      total 464896K, used 0K [0x00000000d5580000, 0x00000000f5200000, 0x0000000100000000)
  eden space 423424K, 0% used [0x00000000d5580000,0x00000000d5580000,0x00000000ef300000)
  from space 41472K, 0% used [0x00000000f2980000,0x00000000f2980000,0x00000000f5200000)
  to   space 48640K, 0% used [0x00000000ef300000,0x00000000ef300000,0x00000000f2280000)
 ParOldGen       total 348672K, used 85222K [0x0000000080000000, 0x0000000095480000, 0x00000000d5580000)
  object space 348672K, 24% used [0x0000000080000000,0x0000000085339ac8,0x0000000095480000)
 Metaspace       used 93573K, capacity 97748K, committed 98600K, reserved 1134592K
  class space    used 12249K, capacity 13066K, committed 13232K, reserved 1048576K
}
Event: 139.247 GC heap before
{Heap before GC invocations=17 (full 4):
 PSYoungGen      total 464896K, used 423424K [0x00000000d5580000, 0x00000000f5200000, 0x0000000100000000)
  eden space 423424K, 100% used [0x00000000d5580000,0x00000000ef300000,0x00000000ef300000)
  from space 41472K, 0% used [0x00000000f2980000,0x00000000f2980000,0x00000000f5200000)
  to   space 48640K, 0% used [0x00000000ef300000,0x00000000ef300000,0x00000000f2280000)
 ParOldGen       total 348672K, used 85222K [0x0000000080000000, 0x0000000095480000, 0x00000000d5580000)
  object space 348672K, 24% used [0x0000000080000000,0x0000000085339ac8,0x0000000095480000)
 Metaspace       used 111860K, capacity 116284K, committed 116888K, reserved 1150976K
  class space    used 14272K, capacity 15156K, committed 15280K, reserved 1048576K
Event: 139.319 GC heap after
Heap after GC invocations=17 (full 4):
 PSYoungGen      total 472064K, used 48621K [0x00000000d5580000, 0x00000000fe700000, 0x0000000100000000)
  eden space 423424K, 0% used [0x00000000d5580000,0x00000000d5580000,0x00000000ef300000)
  from space 48640K, 99% used [0x00000000ef300000,0x00000000f227b578,0x00000000f2280000)
  to   space 80384K, 0% used [0x00000000f9880000,0x00000000f9880000,0x00000000fe700000)
 ParOldGen       total 348672K, used 151488K [0x0000000080000000, 0x0000000095480000, 0x00000000d5580000)
  object space 348672K, 43% used [0x0000000080000000,0x00000000893f00d8,0x0000000095480000)
 Metaspace       used 111860K, capacity 116284K, committed 116888K, reserved 1150976K
  class space    used 14272K, capacity 15156K, committed 15280K, reserved 1048576K
}

Deoptimization events (10 events):
Event: 149.242 Thread 0x000000002238f000 Uncommon trap: reason=class_check action=maybe_recompile pc=0x00000000054732c8 method=com.sun.tools.javac.code.Types$19.visitClassType(Lcom/sun/tools/javac/code/Type$ClassType;Ljava/lang/Void;)Lcom/sun/tools/javac/util/List; @ 46
Event: 149.246 Thread 0x000000002238f000 Uncommon trap: reason=unstable_if action=reinterpret pc=0x0000000004fbea18 method=com.sun.tools.javac.util.ListBuffer.append(Ljava/lang/Object;)Lcom/sun/tools/javac/util/ListBuffer; @ 9
Event: 149.249 Thread 0x000000002238f000 Uncommon trap: reason=class_check action=maybe_recompile pc=0x000000000432721c method=com.sun.tools.javac.code.Type$ClassType.allparams()Lcom/sun/tools/javac/util/List; @ 16
Event: 149.290 Thread 0x000000002238f000 Uncommon trap: reason=unstable_if action=reinterpret pc=0x0000000004b44aa4 method=org.gradle.api.internal.tasks.compile.tooling.JavaCompileTaskSuccessResultPostProcessor.finished(Lorg/gradle/internal/operations/BuildOperationDescriptor;Lorg/gradle/interna
Event: 149.293 Thread 0x000000002239b000 Uncommon trap: reason=bimorphic action=maybe_recompile pc=0x0000000004f5ea94 method=java.util.Collections.indexedBinarySearch(Ljava/util/List;Ljava/lang/Object;)I @ 39
Event: 149.293 Thread 0x000000002239b000 Uncommon trap: reason=bimorphic action=maybe_recompile pc=0x0000000004f5ea94 method=java.util.Collections.indexedBinarySearch(Ljava/util/List;Ljava/lang/Object;)I @ 39
Event: 149.295 Thread 0x000000001f3f0000 Uncommon trap: reason=array_check action=maybe_recompile pc=0x0000000004ddaf28 method=java.util.TimSort.reverseRange([Ljava/lang/Object;II)V @ 20
Event: 149.340 Thread 0x000000001fa3b800 Uncommon trap: reason=unstable_if action=reinterpret pc=0x000000000485d73c method=java.nio.file.FileTreeWalker.getAttributes(Ljava/nio/file/Path;Z)Ljava/nio/file/attribute/BasicFileAttributes; @ 35
Event: 149.429 Thread 0x000000002238f000 Uncommon trap: reason=array_check action=maybe_recompile pc=0x0000000004ddaf28 method=java.util.TimSort.reverseRange([Ljava/lang/Object;II)V @ 20
Event: 149.526 Thread 0x000000001f3f9800 Uncommon trap: reason=unstable_if action=reinterpret pc=0x000000000468f85c method=java.nio.Bits.putInt(Ljava/nio/ByteBuffer;IIZ)V @ 1

Classes redefined (0 events):
No events

Internal exceptions (10 events):
Event: 149.294 Thread 0x000000001f3f0000 Exception <a 'java/lang/NoSuchMethodError': <clinit>> (0x00000000d58b4e70) thrown at [C:\src\AOSP-openjdk-git\hotspot\src\share\vm\prims\jni.cpp, line 1615]
Event: 149.295 Thread 0x000000001f3f0000 Exception <a 'java/lang/NoSuchMethodError': <clinit>> (0x00000000e032d3e8) thrown at [C:\src\AOSP-openjdk-git\hotspot\src\share\vm\prims\jni.cpp, line 1615]
Event: 149.337 Thread 0x000000001fa39000 Exception <a 'sun/nio/fs/WindowsException'> (0x00000000e0a1dbe0) thrown at [C:\src\AOSP-openjdk-git\hotspot\src\share\vm\prims\jni.cpp, line 710]
Event: 149.338 Thread 0x000000001fa3b800 Exception <a 'sun/nio/fs/WindowsException'> (0x00000000e0a8f988) thrown at [C:\src\AOSP-openjdk-git\hotspot\src\share\vm\prims\jni.cpp, line 710]
Event: 149.340 Thread 0x000000001fa3b800 Exception <a 'java/lang/NoSuchMethodError': java.lang.Object.lambda$static$0(Ljava/lang/String;)Z> (0x00000000e0aad2b0) thrown at [C:\src\AOSP-openjdk-git\hotspot\src\share\vm\interpreter\linkResolver.cpp, line 620]
Event: 149.350 Thread 0x000000001fa36000 Exception <a 'sun/nio/fs/WindowsException'> (0x00000000e0b013b0) thrown at [C:\src\AOSP-openjdk-git\hotspot\src\share\vm\prims\jni.cpp, line 710]
Event: 149.430 Thread 0x000000002238f000 Exception <a 'java/lang/NoSuchMethodError': <clinit>> (0x00000000e23d24e0) thrown at [C:\src\AOSP-openjdk-git\hotspot\src\share\vm\prims\jni.cpp, line 1615]
Event: 149.469 Thread 0x000000001fa3d000 Exception <a 'sun/nio/fs/WindowsException'> (0x00000000e2e8fb60) thrown at [C:\src\AOSP-openjdk-git\hotspot\src\share\vm\prims\jni.cpp, line 710]
Event: 149.469 Thread 0x000000001f3f9800 Exception <a 'sun/nio/fs/WindowsException'> (0x00000000e272aab8) thrown at [C:\src\AOSP-openjdk-git\hotspot\src\share\vm\prims\jni.cpp, line 710]
Event: 149.469 Thread 0x000000001fa3c000 Exception <a 'sun/nio/fs/WindowsException'> (0x00000000e2e2d2e0) thrown at [C:\src\AOSP-openjdk-git\hotspot\src\share\vm\prims\jni.cpp, line 710]

Events (10 events):
Event: 149.565 loading class com/android/tools/r8/graph/f0 done
Event: 149.565 loading class com/android/tools/r8/graph/f0
Event: 149.565 loading class com/android/tools/r8/graph/f0 done
Event: 149.565 loading class com/android/tools/r8/graph/f0
Event: 149.565 loading class com/android/tools/r8/graph/f0 done
Event: 149.565 loading class com/android/tools/r8/graph/f0
Event: 149.565 loading class com/android/tools/r8/graph/f0 done
Event: 149.565 loading class com/android/tools/r8/graph/y0
Event: 149.565 loading class com/android/tools/r8/graph/y0 done
Event: 149.566 loading class com/android/tools/r8/graph/B0


Dynamic libraries:
0x00007ff7c3a60000 - 0x00007ff7c3a91000 	C:\Program Files\Android\Android Studio\jre\bin\java.exe
0x00007ffa14c20000 - 0x00007ffa14e10000 	C:\WINDOWS\SYSTEM32\ntdll.dll
0x00007ffa136d0000 - 0x00007ffa13782000 	C:\WINDOWS\System32\KERNEL32.DLL
0x00007ffa11e40000 - 0x00007ffa120e4000 	C:\WINDOWS\System32\KERNELBASE.dll
0x00007ffa139f0000 - 0x00007ffa13a93000 	C:\WINDOWS\System32\ADVAPI32.dll
0x00007ffa14990000 - 0x00007ffa14a2e000 	C:\WINDOWS\System32\msvcrt.dll
0x00007ffa12cd0000 - 0x00007ffa12d67000 	C:\WINDOWS\System32\sechost.dll
0x00007ffa13520000 - 0x00007ffa13640000 	C:\WINDOWS\System32\RPCRT4.dll
0x00007ffa13850000 - 0x00007ffa139e4000 	C:\WINDOWS\System32\USER32.dll
0x00007ffa12a00000 - 0x00007ffa12a21000 	C:\WINDOWS\System32\win32u.dll
0x00007ffa12d70000 - 0x00007ffa12d96000 	C:\WINDOWS\System32\GDI32.dll
0x00007ffa12ae0000 - 0x00007ffa12c76000 	C:\WINDOWS\System32\gdi32full.dll
0x00007ffa11ba0000 - 0x00007ffa11c3e000 	C:\WINDOWS\System32\msvcp_win.dll
0x00007ffa11d40000 - 0x00007ffa11e3a000 	C:\WINDOWS\System32\ucrtbase.dll
0x00007ff9fe5a0000 - 0x00007ff9fe824000 	C:\WINDOWS\WinSxS\amd64_microsoft.windows.common-controls_6595b64144ccf1df_6.0.18362.959_none_e6c7bbbf130c62bb\COMCTL32.dll
0x00007ffa13aa0000 - 0x00007ffa13dd5000 	C:\WINDOWS\System32\combase.dll
0x00007ffa11c60000 - 0x00007ffa11ce0000 	C:\WINDOWS\System32\bcryptPrimitives.dll
0x00007ffa12fb0000 - 0x00007ffa12fde000 	C:\WINDOWS\System32\IMM32.DLL
0x00000000500a0000 - 0x0000000050172000 	C:\Program Files\Android\Android Studio\jre\jre\bin\msvcr100.dll
0x0000000076590000 - 0x0000000076ddb000 	C:\Program Files\Android\Android Studio\jre\jre\bin\server\jvm.dll
0x00007ffa13640000 - 0x00007ffa13648000 	C:\WINDOWS\System32\PSAPI.DLL
0x00007ffa0dfe0000 - 0x00007ffa0dfe9000 	C:\WINDOWS\SYSTEM32\WSOCK32.dll
0x00007ffa14b70000 - 0x00007ffa14bdf000 	C:\WINDOWS\System32\WS2_32.dll
0x00007ffa084e0000 - 0x00007ffa084ea000 	C:\WINDOWS\SYSTEM32\VERSION.dll
0x00007ffa0f370000 - 0x00007ffa0f394000 	C:\WINDOWS\SYSTEM32\WINMM.dll
0x00007ffa0f260000 - 0x00007ffa0f28d000 	C:\WINDOWS\SYSTEM32\winmmbase.dll
0x00007ffa12c80000 - 0x00007ffa12cca000 	C:\WINDOWS\System32\cfgmgr32.dll
0x00007ffa0dfd0000 - 0x00007ffa0dfdf000 	C:\Program Files\Android\Android Studio\jre\jre\bin\verify.dll
0x00007ffa0ba20000 - 0x00007ffa0ba49000 	C:\Program Files\Android\Android Studio\jre\jre\bin\java.dll
0x00007ffa0da30000 - 0x00007ffa0da46000 	C:\Program Files\Android\Android Studio\jre\jre\bin\zip.dll
0x00007ffa142a0000 - 0x00007ffa14986000 	C:\WINDOWS\System32\SHELL32.dll
0x00007ffa13e40000 - 0x00007ffa13ee9000 	C:\WINDOWS\System32\shcore.dll
0x00007ffa12120000 - 0x00007ffa128a2000 	C:\WINDOWS\System32\windows.storage.dll
0x00007ffa11b70000 - 0x00007ffa11b93000 	C:\WINDOWS\System32\profapi.dll
0x00007ffa11b00000 - 0x00007ffa11b4a000 	C:\WINDOWS\System32\powrprof.dll
0x00007ffa11ad0000 - 0x00007ffa11ae0000 	C:\WINDOWS\System32\UMPDC.dll
0x00007ffa13de0000 - 0x00007ffa13e32000 	C:\WINDOWS\System32\shlwapi.dll
0x00007ffa11ae0000 - 0x00007ffa11af1000 	C:\WINDOWS\System32\kernel.appcore.dll
0x00007ffa11c40000 - 0x00007ffa11c57000 	C:\WINDOWS\System32\cryptsp.dll
0x00007ffa0d0d0000 - 0x00007ffa0d0ea000 	C:\Program Files\Android\Android Studio\jre\jre\bin\net.dll
0x00007ffa11340000 - 0x00007ffa113a7000 	C:\WINDOWS\system32\mswsock.dll
0x00007ffa0d090000 - 0x00007ffa0d0a3000 	C:\Program Files\Android\Android Studio\jre\jre\bin\nio.dll
0x00007ffa057e0000 - 0x00007ffa05806000 	C:\Users\Sohail\.gradle\native\31\windows-amd64\native-platform.dll
0x00007ffa0d8e0000 - 0x00007ffa0d8ed000 	C:\Program Files\Android\Android Studio\jre\jre\bin\management.dll
0x00007ffa10e50000 - 0x00007ffa10e83000 	C:\WINDOWS\system32\rsaenh.dll
0x00007ffa120f0000 - 0x00007ffa12116000 	C:\WINDOWS\System32\bcrypt.dll
0x00007ffa119f0000 - 0x00007ffa11a15000 	C:\WINDOWS\SYSTEM32\USERENV.dll
0x00007ffa11510000 - 0x00007ffa1151c000 	C:\WINDOWS\SYSTEM32\CRYPTBASE.dll
0x00007ffa11050000 - 0x00007ffa1108a000 	C:\WINDOWS\SYSTEM32\IPHLPAPI.DLL
0x00007ffa14290000 - 0x00007ffa14298000 	C:\WINDOWS\System32\NSI.dll
0x00007ffa0b2d0000 - 0x00007ffa0b2e6000 	C:\WINDOWS\SYSTEM32\dhcpcsvc6.DLL
0x00007ffa0a3d0000 - 0x00007ffa0a3ec000 	C:\WINDOWS\SYSTEM32\dhcpcsvc.DLL
0x00007ffa11090000 - 0x00007ffa1115b000 	C:\WINDOWS\SYSTEM32\DNSAPI.dll
0x00007ffa00290000 - 0x00007ffa002ae000 	C:\Users\Sohail\AppData\Local\Temp\native-platform557417750699643dir\native-platform.dll
0x0000000066e00000 - 0x0000000066f03000 	C:\Users\Sohail\AppData\Local\Temp\room-c5482dba-de5c-4e9d-aee1-66f1e4bbaa05\sqlite-3.25.2-883a5bb7-6fc1-418c-8c05-612d71668ee7-sqlitejdbc.dll

VM Arguments:
jvm_args: -Xmx2048m -Dfile.encoding=windows-1252 -Duser.country=GB -Duser.language=en -Duser.variant 
java_command: org.gradle.launcher.daemon.bootstrap.GradleDaemon 6.1.1
java_class_path (initial): C:\Users\Sohail\.gradle\wrapper\dists\gradle-6.1.1-all\cfmwm155h49vnt3hynmlrsdst\gradle-6.1.1\lib\gradle-launcher-6.1.1.jar
Launcher Type: SUN_STANDARD

Environment Variables:
JAVA_HOME=C:\Program Files\Java\jdk-12.0.2
PATH=C:\Program Files (x86)\Common Files\Oracle\Java\javapath;C:\Windows\system32;C:\Windows;C:\Windows\System32\Wbem;C:\Windows\System32\WindowsPowerShell\v1.0\;C:\WINDOWS\system32;C:\WINDOWS;C:\WINDOWS\System32\Wbem;C:\WINDOWS\System32\WindowsPowerShell\v1.0\;C:\WINDOWS\System32\OpenSSH\;C:\Program Files\Java\jdk-12.0.2\bin;C:\Program Files\apache-maven-3.6.3-bin\apache-maven-3.6.3\bin;C:\Program Files\Git\cmd;C:\Users\Sohail\AppData\Local\Programs\Python\Python37-32\Scripts\;C:\Users\Sohail\AppData\Local\Programs\Python\Python37-32\;C:\Users\Sohail\AppData\Local\Programs\Python\Launcher\;C:\Users\Sohail\AppData\Local\Microsoft\WindowsApps;C:\Users\Sohail\AppData\Local\GitHubDesktop\bin
USERNAME=Sohail
OS=Windows_NT
PROCESSOR_IDENTIFIER=Intel64 Family 6 Model 158 Stepping 10, GenuineIntel



---------------  S Y S T E M  ---------------

OS: Windows 10.0 , 64 bit Build 18362 (10.0.18362.959)

CPU:total 6 (initial active 6) (6 cores per cpu, 1 threads per core) family 6 model 158 stepping 10, cmov, cx8, fxsr, mmx, sse, sse2, sse3, ssse3, sse4.1, sse4.2, popcnt, avx, avx2, aes, clmul, erms, rtm, 3dnowpref, lzcnt, tsc, tscinvbit, bmi1, bmi2, adx

Memory: 4k page, physical 16705728k(4137348k free), swap 19711168k(5544k free)

vm_info: OpenJDK 64-Bit Server VM (25.242-b01) for windows-amd64 JRE (1.8.0_242-release-1644-b01), built by "builder" with MS VC++ 10.0 (VS2010)

time: Fri Aug 07 15:03:29 2020
timezone: GMT Summer Time
elapsed time: 149 seconds (0d 0h 2m 29s)

